#
# There is insufficient memory for the Java Runtime Environment to continue.
# Native memory allocation (malloc) failed to allocate 1675536 bytes for Chunk::new
# Possible reasons:
#   The system is out of physical RAM or swap space
#   In 32 bit mode, the process size limit was hit
# Possible solutions:
#   Reduce memory load on the system
#   Increase physical memory or swap space
#   Check if swap backing store is full
#   Use 64 bit Java on a 64 bit OS
#   Decrease Java heap size (-Xmx/-Xms)
#   Decrease number of Java threads
#   Decrease Java thread stack sizes (-Xss)
#   Set larger code cache with -XX:ReservedCodeCacheSize=
# This output file may be truncated or incomplete.
#
#  Out of Memory Error (allocation.cpp:390), pid=16916, tid=0x0000000000004a98
#
# JRE version: Java(TM) SE Runtime Environment (8.0_144-b01) (build 1.8.0_144-b01)
# Java VM: Java HotSpot(TM) 64-Bit Server VM (25.144-b01 mixed mode windows-amd64 compressed oops)
# Failed to write core dump. Minidumps are not enabled by default on client versions of Windows
#

---------------  T H R E A D  ---------------

Current thread (0x000000001f544000):  JavaThread "C2 CompilerThread0" daemon [_thread_in_native, id=19096, stack(0x000000001fc90000,0x000000001fd90000)]

Stack: [0x000000001fc90000,0x000000001fd90000]
[error occurred during error reporting (printing stack bounds), id 0xc0000005]

Native frames: (J=compiled Java code, j=interpreted, Vv=VM code, C=native code)


Current CompileTask:
C2:   4618 3849       4       groovy.lang.MetaClassImpl$1MOPIter::methodNameAction (325 bytes)


---------------  P R O C E S S  ---------------

Java Threads: ( => current thread )
  0x00000000204c0000 JavaThread "TestNG-test=Go Rest Regression Test-3" [_thread_blocked, id=15224, stack(0x0000000024820000,0x0000000024920000)]
  0x00000000204bf000 JavaThread "TestNG-test=Go Rest Regression Test-2" [_thread_in_Java, id=7776, stack(0x0000000024720000,0x0000000024820000)]
  0x0000000023731000 JavaThread "TestNG-test=Go Rest Regression Test-1" [_thread_blocked, id=16832, stack(0x0000000024620000,0x0000000024720000)]
  0x000000002229c000 JavaThread "TestNG-tests-1" [_thread_blocked, id=13120, stack(0x0000000021660000,0x0000000021760000)]
  0x000000002040a000 JavaThread "ping-20s" daemon [_thread_blocked, id=8888, stack(0x0000000021360000,0x0000000021460000)]
  0x000000001f69d000 JavaThread "surefire-forkedjvm-command-thread" daemon [_thread_in_native, id=18148, stack(0x0000000021260000,0x0000000021360000)]
  0x000000001f5e9800 JavaThread "Service Thread" daemon [_thread_blocked, id=19788, stack(0x0000000020090000,0x0000000020190000)]
  0x000000001f57b000 JavaThread "C1 CompilerThread3" daemon [_thread_blocked, id=16700, stack(0x000000001ff90000,0x0000000020090000)]
  0x000000001f576000 JavaThread "C2 CompilerThread2" daemon [_thread_in_native, id=2216, stack(0x000000001fe90000,0x000000001ff90000)]
  0x000000001f544800 JavaThread "C2 CompilerThread1" daemon [_thread_in_native, id=15580, stack(0x000000001fd90000,0x000000001fe90000)]
=>0x000000001f544000 JavaThread "C2 CompilerThread0" daemon [_thread_in_native, id=19096, stack(0x000000001fc90000,0x000000001fd90000)]
  0x000000001ecb9000 JavaThread "Attach Listener" daemon [_thread_blocked, id=19628, stack(0x000000001f390000,0x000000001f490000)]
  0x000000001ecb8000 JavaThread "Signal Dispatcher" daemon [_thread_blocked, id=19984, stack(0x000000001f290000,0x000000001f390000)]
  0x0000000003489000 JavaThread "Finalizer" daemon [_thread_blocked, id=20228, stack(0x000000001f090000,0x000000001f190000)]
  0x0000000003488000 JavaThread "Reference Handler" daemon [_thread_blocked, id=15836, stack(0x000000001eb90000,0x000000001ec90000)]
  0x000000000308e000 JavaThread "main" [_thread_blocked, id=14540, stack(0x0000000003090000,0x0000000003190000)]

Other Threads:
  0x000000001cdb9000 VMThread [stack: 0x000000001ea90000,0x000000001eb90000] [id=17828]
  0x000000001f592800 WatcherThread [stack: 0x0000000020190000,0x0000000020290000] [id=1640]

VM state:not at safepoint (normal execution)

VM Mutex/Monitor currently owned by a thread: None

Heap:
 PSYoungGen      total 281088K, used 3522K [0x000000076bd00000, 0x000000078b900000, 0x00000007c0000000)
  eden space 252416K, 1% used [0x000000076bd00000,0x000000076c070850,0x000000077b380000)
  from space 28672K, 0% used [0x000000077b380000,0x000000077b380000,0x000000077cf80000)
  to   space 34304K, 0% used [0x0000000789780000,0x0000000789780000,0x000000078b900000)
 ParOldGen       total 171520K, used 55494K [0x00000006c3600000, 0x00000006cdd80000, 0x000000076bd00000)
  object space 171520K, 32% used [0x00000006c3600000,0x00000006c6c31af0,0x00000006cdd80000)
 Metaspace       used 34403K, capacity 36246K, committed 36608K, reserved 1081344K
  class space    used 4204K, capacity 4774K, committed 4864K, reserved 1048576K

Card table byte_map: [0x0000000012850000,0x0000000013040000] byte_map_base: 0x000000000f235000

Marking Bits: (ParMarkBitMap*) 0x000000006e98d850
 Begin Bits: [0x0000000013d90000, 0x0000000017cb8000)
 End Bits:   [0x0000000017cb8000, 0x000000001bbe0000)

Polling page: 0x0000000000ff0000

CodeCache: size=245760Kb used=14009Kb max_used=15600Kb free=231751Kb
 bounds [0x0000000003490000, 0x00000000043e0000, 0x0000000012490000]
 total_blobs=4361 nmethods=3649 adapters=624
 compilation: enabled

Compilation events (10 events):
Event: 4.405 Thread 0x000000001f57b000 nmethod 3941 0x00000000035aeb90 code [0x00000000035aece0, 0x00000000035aedf0]
Event: 4.406 Thread 0x000000001f544800 nmethod 3940 0x00000000036e9850 code [0x00000000036e99c0, 0x00000000036e9c98]
Event: 4.406 Thread 0x000000001f576000 3942 %     4       sun.security.provider.SHA::implCompress @ 12 (491 bytes)
Event: 4.406 Thread 0x000000001f57b000 3943       3       java.lang.String::getBytes (14 bytes)
Event: 4.406 Thread 0x000000001f544800 3945       4       sun.nio.cs.SingleByte$Encoder::encode (114 bytes)
Event: 4.406 Thread 0x000000001f57b000 nmethod 3943 0x00000000035c7f50 code [0x00000000035c80c0, 0x00000000035c8268]
Event: 4.406 Thread 0x000000001f57b000 3944   !   3       java.lang.StringCoding::encode (64 bytes)
Event: 4.407 Thread 0x000000001f57b000 nmethod 3944 0x00000000037dc050 code [0x00000000037dc2c0, 0x00000000037dcfc8]
Event: 4.418 Thread 0x000000001f576000 nmethod 3942% 0x0000000003847710 code [0x0000000003847860, 0x0000000003848378]
Event: 4.418 Thread 0x000000001f544800 nmethod 3945 0x000000000385a5d0 code [0x000000000385a720, 0x000000000385ac78]

GC Heap History (10 events):
Event: 2.359 GC heap before
{Heap before GC invocations=5 (full 0):
 PSYoungGen      total 140800K, used 12529K [0x000000076bd00000, 0x0000000775100000, 0x00000007c0000000)
  eden space 130048K, 1% used [0x000000076bd00000,0x000000076bec1be0,0x0000000773c00000)
  from space 10752K, 99% used [0x0000000774680000,0x00000007750faa20,0x0000000775100000)
  to   space 10752K, 0% used [0x0000000773c00000,0x0000000773c00000,0x0000000774680000)
 ParOldGen       total 173568K, used 35975K [0x00000006c3600000, 0x00000006cdf80000, 0x000000076bd00000)
  object space 173568K, 20% used [0x00000006c3600000,0x00000006c5921cc0,0x00000006cdf80000)
 Metaspace       used 20837K, capacity 21164K, committed 21296K, reserved 1069056K
  class space    used 2315K, capacity 2422K, committed 2432K, reserved 1048576K
Event: 2.369 GC heap after
Heap after GC invocations=5 (full 0):
 PSYoungGen      total 140800K, used 10746K [0x000000076bd00000, 0x000000077f500000, 0x00000007c0000000)
  eden space 130048K, 0% used [0x000000076bd00000,0x000000076bd00000,0x0000000773c00000)
  from space 10752K, 99% used [0x0000000773c00000,0x000000077467ea30,0x0000000774680000)
  to   space 29696K, 0% used [0x000000077d800000,0x000000077d800000,0x000000077f500000)
 ParOldGen       total 173568K, used 36125K [0x00000006c3600000, 0x00000006cdf80000, 0x000000076bd00000)
  object space 173568K, 20% used [0x00000006c3600000,0x00000006c59476e0,0x00000006cdf80000)
 Metaspace       used 20837K, capacity 21164K, committed 21296K, reserved 1069056K
  class space    used 2315K, capacity 2422K, committed 2432K, reserved 1048576K
}
Event: 2.369 GC heap before
{Heap before GC invocations=6 (full 1):
 PSYoungGen      total 140800K, used 10746K [0x000000076bd00000, 0x000000077f500000, 0x00000007c0000000)
  eden space 130048K, 0% used [0x000000076bd00000,0x000000076bd00000,0x0000000773c00000)
  from space 10752K, 99% used [0x0000000773c00000,0x000000077467ea30,0x0000000774680000)
  to   space 29696K, 0% used [0x000000077d800000,0x000000077d800000,0x000000077f500000)
 ParOldGen       total 173568K, used 36125K [0x00000006c3600000, 0x00000006cdf80000, 0x000000076bd00000)
  object space 173568K, 20% used [0x00000006c3600000,0x00000006c59476e0,0x00000006cdf80000)
 Metaspace       used 20837K, capacity 21164K, committed 21296K, reserved 1069056K
  class space    used 2315K, capacity 2422K, committed 2432K, reserved 1048576K
Event: 2.419 GC heap after
Heap after GC invocations=6 (full 1):
 PSYoungGen      total 140800K, used 0K [0x000000076bd00000, 0x000000077f500000, 0x00000007c0000000)
  eden space 130048K, 0% used [0x000000076bd00000,0x000000076bd00000,0x0000000773c00000)
  from space 10752K, 0% used [0x0000000773c00000,0x0000000773c00000,0x0000000774680000)
  to   space 29696K, 0% used [0x000000077d800000,0x000000077d800000,0x000000077f500000)
 ParOldGen       total 115200K, used 25296K [0x00000006c3600000, 0x00000006ca680000, 0x000000076bd00000)
  object space 115200K, 21% used [0x00000006c3600000,0x00000006c4eb4030,0x00000006ca680000)
 Metaspace       used 20837K, capacity 21164K, committed 21296K, reserved 1069056K
  class space    used 2315K, capacity 2422K, committed 2432K, reserved 1048576K
}
Event: 2.959 GC heap before
{Heap before GC invocations=7 (full 1):
 PSYoungGen      total 140800K, used 130048K [0x000000076bd00000, 0x000000077f500000, 0x00000007c0000000)
  eden space 130048K, 100% used [0x000000076bd00000,0x0000000773c00000,0x0000000773c00000)
  from space 10752K, 0% used [0x0000000773c00000,0x0000000773c00000,0x0000000774680000)
  to   space 29696K, 0% used [0x000000077d800000,0x000000077d800000,0x000000077f500000)
 ParOldGen       total 115200K, used 25296K [0x00000006c3600000, 0x00000006ca680000, 0x000000076bd00000)
  object space 115200K, 21% used [0x00000006c3600000,0x00000006c4eb4030,0x00000006ca680000)
 Metaspace       used 26197K, capacity 26704K, committed 27008K, reserved 1073152K
  class space    used 3010K, capacity 3152K, committed 3200K, reserved 1048576K
Event: 2.973 GC heap after
Heap after GC invocations=7 (full 1):
 PSYoungGen      total 264192K, used 19782K [0x000000076bd00000, 0x000000077eb80000, 0x00000007c0000000)
  eden space 244224K, 0% used [0x000000076bd00000,0x000000076bd00000,0x000000077ab80000)
  from space 19968K, 99% used [0x000000077d800000,0x000000077eb51b10,0x000000077eb80000)
  to   space 28672K, 0% used [0x000000077b380000,0x000000077b380000,0x000000077cf80000)
 ParOldGen       total 115200K, used 25304K [0x00000006c3600000, 0x00000006ca680000, 0x000000076bd00000)
  object space 115200K, 21% used [0x00000006c3600000,0x00000006c4eb6030,0x00000006ca680000)
 Metaspace       used 26197K, capacity 26704K, committed 27008K, reserved 1073152K
  class space    used 3010K, capacity 3152K, committed 3200K, reserved 1048576K
}
Event: 4.105 GC heap before
{Heap before GC invocations=8 (full 1):
 PSYoungGen      total 264192K, used 253621K [0x000000076bd00000, 0x000000077eb80000, 0x00000007c0000000)
  eden space 244224K, 95% used [0x000000076bd00000,0x000000077a15bb08,0x000000077ab80000)
  from space 19968K, 99% used [0x000000077d800000,0x000000077eb51b10,0x000000077eb80000)
  to   space 28672K, 0% used [0x000000077b380000,0x000000077b380000,0x000000077cf80000)
 ParOldGen       total 115200K, used 25304K [0x00000006c3600000, 0x00000006ca680000, 0x000000076bd00000)
  object space 115200K, 21% used [0x00000006c3600000,0x00000006c4eb6030,0x00000006ca680000)
 Metaspace       used 33534K, capacity 35402K, committed 35456K, reserved 1079296K
  class space    used 4104K, capacity 4690K, committed 4736K, reserved 1048576K
Event: 4.124 GC heap after
Heap after GC invocations=8 (full 1):
 PSYoungGen      total 281088K, used 28666K [0x000000076bd00000, 0x000000078b900000, 0x00000007c0000000)
  eden space 252416K, 0% used [0x000000076bd00000,0x000000076bd00000,0x000000077b380000)
  from space 28672K, 99% used [0x000000077b380000,0x000000077cf7eb40,0x000000077cf80000)
  to   space 34304K, 0% used [0x0000000789780000,0x0000000789780000,0x000000078b900000)
 ParOldGen       total 115200K, used 28224K [0x00000006c3600000, 0x00000006ca680000, 0x000000076bd00000)
  object space 115200K, 24% used [0x00000006c3600000,0x00000006c5190190,0x00000006ca680000)
 Metaspace       used 33534K, capacity 35402K, committed 35456K, reserved 1079296K
  class space    used 4104K, capacity 4690K, committed 4736K, reserved 1048576K
}
Event: 4.124 GC heap before
{Heap before GC invocations=9 (full 2):
 PSYoungGen      total 281088K, used 28666K [0x000000076bd00000, 0x000000078b900000, 0x00000007c0000000)
  eden space 252416K, 0% used [0x000000076bd00000,0x000000076bd00000,0x000000077b380000)
  from space 28672K, 99% used [0x000000077b380000,0x000000077cf7eb40,0x000000077cf80000)
  to   space 34304K, 0% used [0x0000000789780000,0x0000000789780000,0x000000078b900000)
 ParOldGen       total 115200K, used 28224K [0x00000006c3600000, 0x00000006ca680000, 0x000000076bd00000)
  object space 115200K, 24% used [0x00000006c3600000,0x00000006c5190190,0x00000006ca680000)
 Metaspace       used 33534K, capacity 35402K, committed 35456K, reserved 1079296K
  class space    used 4104K, capacity 4690K, committed 4736K, reserved 1048576K
Event: 4.355 GC heap after
Heap after GC invocations=9 (full 2):
 PSYoungGen      total 281088K, used 0K [0x000000076bd00000, 0x000000078b900000, 0x00000007c0000000)
  eden space 252416K, 0% used [0x000000076bd00000,0x000000076bd00000,0x000000077b380000)
  from space 28672K, 0% used [0x000000077b380000,0x000000077b380000,0x000000077cf80000)
  to   space 34304K, 0% used [0x0000000789780000,0x0000000789780000,0x000000078b900000)
 ParOldGen       total 171520K, used 55494K [0x00000006c3600000, 0x00000006cdd80000, 0x000000076bd00000)
  object space 171520K, 32% used [0x00000006c3600000,0x00000006c6c31af0,0x00000006cdd80000)
 Metaspace       used 33487K, capacity 35294K, committed 35456K, reserved 1079296K
  class space    used 4094K, capacity 4671K, committed 4736K, reserved 1048576K
}

Deoptimization events (10 events):
Event: 3.921 Thread 0x00000000204c0000 Uncommon trap: reason=unstable_if action=reinterpret pc=0x0000000003dc9e98 method=java.util.HashMap.putVal(ILjava/lang/Object;Ljava/lang/Object;ZZ)Ljava/lang/Object; @ 162
Event: 3.990 Thread 0x0000000023731000 Uncommon trap: reason=unstable_if action=reinterpret pc=0x000000000421693c method=java.lang.CharacterDataLatin1.isWhitespace(I)Z @ 14
Event: 3.990 Thread 0x00000000204bf000 Uncommon trap: reason=unstable_if action=reinterpret pc=0x000000000421693c method=java.lang.CharacterDataLatin1.isWhitespace(I)Z @ 14
Event: 4.004 Thread 0x0000000023731000 Uncommon trap: reason=unstable_if action=reinterpret pc=0x0000000003595a80 method=java.lang.CharacterData.of(I)Ljava/lang/CharacterData; @ 4
Event: 4.358 Thread 0x00000000204bf000 Uncommon trap: reason=unstable_if action=reinterpret pc=0x00000000043c098c method=java.util.HashMap.putVal(ILjava/lang/Object;Ljava/lang/Object;ZZ)Ljava/lang/Object; @ 236
Event: 4.371 Thread 0x00000000204bf000 Uncommon trap: reason=bimorphic action=maybe_recompile pc=0x0000000003f7603c method=java.util.Collections$SynchronizedMap.get(Ljava/lang/Object;)Ljava/lang/Object; @ 12
Event: 4.400 Thread 0x00000000204bf000 Uncommon trap: reason=unstable_if action=reinterpret pc=0x00000000035c9098 method=java.util.LinkedHashMap.get(Ljava/lang/Object;)Ljava/lang/Object; @ 20
Event: 4.401 Thread 0x00000000204bf000 Uncommon trap: reason=bimorphic action=maybe_recompile pc=0x0000000003f7603c method=java.util.Collections$SynchronizedMap.get(Ljava/lang/Object;)Ljava/lang/Object; @ 12
Event: 4.402 Thread 0x00000000204bf000 Uncommon trap: reason=unstable_if action=reinterpret pc=0x00000000043baa94 method=java.lang.String.regionMatches(ZILjava/lang/String;II)Z @ 123
Event: 4.403 Thread 0x00000000204bf000 Uncommon trap: reason=unstable_if action=reinterpret pc=0x00000000036e02ec method=java.io.ByteArrayInputStream.read()I @ 8

Internal exceptions (10 events):
Event: 4.027 Thread 0x00000000204c0000 Exception <a 'java/lang/ClassNotFoundException': org/apache/http/impl/client/DefaultHttpClientCustomizer> (0x0000000779251d28) thrown at [C:\re\workspace\8-2-build-windows-amd64-cygwin\jdk8u144\9417\hotspot\src\share\vm\classfile\systemDictionary.cpp, lin
Event: 4.036 Thread 0x00000000204bf000 Exception <a 'java/lang/ClassCastException': io.restassured.filter.time.TimingFilter cannot be cast to groovy.lang.GroovyObject> (0x0000000778eb4108) thrown at [C:\re\workspace\8-2-build-windows-amd64-cygwin\jdk8u144\9417\hotspot\src\share\vm\interpreter\
Event: 4.037 Thread 0x00000000204c0000 Exception <a 'java/lang/ClassNotFoundException': io/restassured/internal/RequestSpecificationImpl$RestAssuredHttpBuilderBeanInfo> (0x000000077933ee48) thrown at [C:\re\workspace\8-2-build-windows-amd64-cygwin\jdk8u144\9417\hotspot\src\share\vm\classfile\s
Event: 4.038 Thread 0x00000000204c0000 Exception <a 'java/lang/ClassNotFoundException': io/restassured/internal/http/HTTPBuilderBeanInfo> (0x0000000779353d28) thrown at [C:\re\workspace\8-2-build-windows-amd64-cygwin\jdk8u144\9417\hotspot\src\share\vm\classfile\systemDictionary.cpp, line 210]
Event: 4.039 Thread 0x00000000204c0000 Exception <a 'java/lang/ClassNotFoundException': io/restassured/internal/http/HTTPBuilderCustomizer> (0x0000000779368c50) thrown at [C:\re\workspace\8-2-build-windows-amd64-cygwin\jdk8u144\9417\hotspot\src\share\vm\classfile\systemDictionary.cpp, line 210
Event: 4.040 Thread 0x00000000204c0000 Exception <a 'java/lang/ClassNotFoundException': io/restassured/internal/RequestSpecificationImpl$RestAssuredHttpBuilderCustomizer> (0x00000007793a5c00) thrown at [C:\re\workspace\8-2-build-windows-amd64-cygwin\jdk8u144\9417\hotspot\src\share\vm\classfile
Event: 4.057 Thread 0x00000000204c0000 Exception <a 'java/lang/ClassNotFoundException': org/codehaus/groovy/runtime/MethodClosureBeanInfo> (0x00000007798ef438) thrown at [C:\re\workspace\8-2-build-windows-amd64-cygwin\jdk8u144\9417\hotspot\src\share\vm\classfile\systemDictionary.cpp, line 210]
Event: 4.064 Thread 0x00000000204c0000 Exception <a 'java/lang/ClassNotFoundException': org/codehaus/groovy/runtime/MethodClosureCustomizer> (0x0000000779c8c448) thrown at [C:\re\workspace\8-2-build-windows-amd64-cygwin\jdk8u144\9417\hotspot\src\share\vm\classfile\systemDictionary.cpp, line 21
Event: 4.085 Thread 0x0000000023731000 Exception <a 'java/lang/ClassNotFoundException': io/restassured/internal/http/EncoderRegistryBeanInfo> (0x0000000779ecb628) thrown at [C:\re\workspace\8-2-build-windows-amd64-cygwin\jdk8u144\9417\hotspot\src\share\vm\classfile\systemDictionary.cpp, line 2
Event: 4.085 Thread 0x0000000023731000 Exception <a 'java/lang/ClassNotFoundException': io/restassured/internal/http/EncoderRegistryCustomizer> (0x0000000779ee19c0) thrown at [C:\re\workspace\8-2-build-windows-amd64-cygwin\jdk8u144\9417\hotspot\src\share\vm\classfile\systemDictionary.cpp, line

Events (10 events):
Event: 4.403 Thread 0x00000000204bf000 DEOPT PACKING pc=0x00000000036e02ec sp=0x0000000024814010
Event: 4.403 Thread 0x00000000204bf000 DEOPT UNPACKING pc=0x00000000034d582a sp=0x0000000024813fc0 mode 2
Event: 4.403 loading class sun/security/util/Pem
Event: 4.404 loading class sun/security/util/Pem done
Event: 4.405 loading class sun/security/validator/Validator
Event: 4.405 loading class sun/security/validator/Validator done
Event: 4.405 loading class sun/security/validator/SimpleValidator
Event: 4.406 loading class sun/security/validator/SimpleValidator done
Event: 4.406 loading class sun/security/validator/EndEntityChecker
Event: 4.406 loading class sun/security/validator/EndEntityChecker done


Dynamic libraries:
0x00007ff6d7be0000 - 0x00007ff6d7c17000 	C:\Program Files\Java\jre1.8.0_144\bin\java.exe
0x00007ffe66b40000 - 0x00007ffe66d30000 	C:\Windows\SYSTEM32\ntdll.dll
0x00007ffe64e30000 - 0x00007ffe64ee2000 	C:\Windows\System32\KERNEL32.DLL
0x00007ffe64700000 - 0x00007ffe649a3000 	C:\Windows\System32\KERNELBASE.dll
0x00007ffe65c70000 - 0x00007ffe65d13000 	C:\Windows\System32\ADVAPI32.dll
0x00007ffe64bf0000 - 0x00007ffe64c8e000 	C:\Windows\System32\msvcrt.dll
0x00007ffe654c0000 - 0x00007ffe65557000 	C:\Windows\System32\sechost.dll
0x00007ffe65130000 - 0x00007ffe65250000 	C:\Windows\System32\RPCRT4.dll
0x00007ffe65d20000 - 0x00007ffe65eb4000 	C:\Windows\System32\USER32.dll
0x00007ffe64490000 - 0x00007ffe644b1000 	C:\Windows\System32\win32u.dll
0x00007ffe66170000 - 0x00007ffe66196000 	C:\Windows\System32\GDI32.dll
0x00007ffe64560000 - 0x00007ffe646f4000 	C:\Windows\System32\gdi32full.dll
0x00007ffe64b00000 - 0x00007ffe64b9e000 	C:\Windows\System32\msvcp_win.dll
0x00007ffe64250000 - 0x00007ffe6434a000 	C:\Windows\System32\ucrtbase.dll
0x00007ffe4c940000 - 0x00007ffe4cbc5000 	C:\Windows\WinSxS\amd64_microsoft.windows.common-controls_6595b64144ccf1df_6.0.18362.592_none_e6c0b1911312be02\COMCTL32.dll
0x00007ffe667c0000 - 0x00007ffe66af6000 	C:\Windows\System32\combase.dll
0x00007ffe644c0000 - 0x00007ffe64540000 	C:\Windows\System32\bcryptPrimitives.dll
0x00007ffe66140000 - 0x00007ffe6616e000 	C:\Windows\System32\IMM32.DLL
0x000000006f930000 - 0x000000006fa02000 	C:\Program Files\Java\jre1.8.0_144\bin\msvcr100.dll
0x000000006e170000 - 0x000000006ea0d000 	C:\Program Files\Java\jre1.8.0_144\bin\server\jvm.dll
0x00007ffe66040000 - 0x00007ffe66048000 	C:\Windows\System32\PSAPI.DLL
0x00007ffe62b70000 - 0x00007ffe62b7a000 	C:\Windows\SYSTEM32\VERSION.dll
0x00007ffe61530000 - 0x00007ffe61554000 	C:\Windows\SYSTEM32\WINMM.dll
0x00007ffe4ae10000 - 0x00007ffe4ae19000 	C:\Windows\SYSTEM32\WSOCK32.dll
0x00007ffe660d0000 - 0x00007ffe6613f000 	C:\Windows\System32\WS2_32.dll
0x00007ffe61500000 - 0x00007ffe6152d000 	C:\Windows\SYSTEM32\winmmbase.dll
0x00007ffe64ba0000 - 0x00007ffe64bea000 	C:\Windows\System32\cfgmgr32.dll
0x000000006fba0000 - 0x000000006fbaf000 	C:\Program Files\Java\jre1.8.0_144\bin\verify.dll
0x000000006fb70000 - 0x000000006fb99000 	C:\Program Files\Java\jre1.8.0_144\bin\java.dll
0x000000006f7f0000 - 0x000000006f813000 	C:\Program Files\Java\jre1.8.0_144\bin\instrument.dll
0x000000006fb50000 - 0x000000006fb66000 	C:\Program Files\Java\jre1.8.0_144\bin\zip.dll
0x00007ffe65560000 - 0x00007ffe65c45000 	C:\Windows\System32\SHELL32.dll
0x00007ffe65330000 - 0x00007ffe653d9000 	C:\Windows\System32\shcore.dll
0x00007ffe63ad0000 - 0x00007ffe6424f000 	C:\Windows\System32\windows.storage.dll
0x00007ffe63ab0000 - 0x00007ffe63acf000 	C:\Windows\System32\profapi.dll
0x00007ffe63a40000 - 0x00007ffe63a8a000 	C:\Windows\System32\powrprof.dll
0x00007ffe63a10000 - 0x00007ffe63a20000 	C:\Windows\System32\UMPDC.dll
0x00007ffe65050000 - 0x00007ffe650a2000 	C:\Windows\System32\shlwapi.dll
0x00007ffe63a20000 - 0x00007ffe63a31000 	C:\Windows\System32\kernel.appcore.dll
0x00007ffe64540000 - 0x00007ffe64557000 	C:\Windows\System32\cryptsp.dll
0x000000006ea70000 - 0x000000006ea7d000 	C:\Program Files\Java\jre1.8.0_144\bin\management.dll
0x00007ffe62d90000 - 0x00007ffe62dc3000 	C:\Windows\system32\rsaenh.dll
0x00007ffe643b0000 - 0x00007ffe643d6000 	C:\Windows\System32\bcrypt.dll
0x00007ffe63930000 - 0x00007ffe63955000 	C:\Windows\SYSTEM32\USERENV.dll
0x00007ffe633f0000 - 0x00007ffe633fc000 	C:\Windows\SYSTEM32\CRYPTBASE.dll
0x000000006fb30000 - 0x000000006fb4a000 	C:\Program Files\Java\jre1.8.0_144\bin\net.dll
0x00007ffe63220000 - 0x00007ffe63287000 	C:\Windows\system32\mswsock.dll
0x00007ffe62f30000 - 0x00007ffe62f6a000 	C:\Windows\SYSTEM32\IPHLPAPI.DLL
0x00007ffe65120000 - 0x00007ffe65128000 	C:\Windows\System32\NSI.dll
0x00007ffe5b440000 - 0x00007ffe5b456000 	C:\Windows\SYSTEM32\dhcpcsvc6.DLL
0x00007ffe5b3b0000 - 0x00007ffe5b3cc000 	C:\Windows\SYSTEM32\dhcpcsvc.DLL
0x00007ffe62f70000 - 0x00007ffe6303a000 	C:\Windows\SYSTEM32\DNSAPI.dll
0x000000006fb10000 - 0x000000006fb21000 	C:\Program Files\Java\jre1.8.0_144\bin\nio.dll
0x00007ffe429b0000 - 0x00007ffe429c6000 	C:\Windows\system32\napinsp.dll
0x00007ffe42990000 - 0x00007ffe429aa000 	C:\Windows\system32\pnrpnsp.dll
0x00007ffe42980000 - 0x00007ffe4298e000 	C:\Windows\System32\winrnr.dll
0x00007ffe5cc90000 - 0x00007ffe5ccac000 	C:\Windows\system32\NLAapi.dll
0x00007ffe5bf20000 - 0x00007ffe5bf35000 	C:\Windows\system32\wshbth.dll
0x00007ffe53a40000 - 0x00007ffe53a4a000 	C:\Windows\System32\rasadhlp.dll
0x00007ffe5bc50000 - 0x00007ffe5bcc7000 	C:\Windows\System32\fwpuclnt.dll
0x000000006fae0000 - 0x000000006fb04000 	C:\Program Files\Java\jre1.8.0_144\bin\sunec.dll

VM Arguments:
jvm_args: -javaagent:D:\Users\asingh6766\.m2\repository/org/aspectj/aspectjweaver/1.8.10/aspectjweaver-1.8.10.jar 
java_command: D:\Users\asingh6766\eclipse-workspace\RestAssuredAPIFramework\target\surefire\surefirebooter2536651731013123472.jar D:\Users\asingh6766\eclipse-workspace\RestAssuredAPIFramework\target\surefire 2020-04-06T07-26-32_802-jvmRun1 surefire6337126508467960512tmp surefire_02700668017714236367tmp
java_class_path (initial): D:\Users\asingh6766\eclipse-workspace\RestAssuredAPIFramework\target\surefire\surefirebooter2536651731013123472.jar;D:\Users\asingh6766\.m2\repository/org/aspectj/aspectjweaver/1.8.10/aspectjweaver-1.8.10.jar
Launcher Type: SUN_STANDARD

Environment Variables:
JAVA_HOME=C:\Program Files\Java\jdk1.8.0_144
PATH=C:/Program Files/Java/jre1.8.0_144/bin/server;C:/Program Files/Java/jre1.8.0_144/bin;C:/Program Files/Java/jre1.8.0_144/lib/amd64;C:\Python27\;C:\Python27\Scripts;C:\ProgramData\Oracle\Java\javapath;C:\Windows\system32;C:\Windows;C:\Windows\System32\Wbem;C:\Windows\System32\WindowsPowerShell\v1.0\;C:\Windows\System32\OpenSSH\;C:\Program Files\Intel\WiFi\bin\;C:\Program Files\Common Files\Intel\WirelessCommon\;C:\Program Files\PuTTY\;C:\Program Files\Java\jdk1.8.0_144\bin;C:\Program Files\apache-maven-3.6.2\bin;D:\Work_Soft\Gradle\gradle-6.1-bin\gradle-6.1\bin;C:\Program Files\nodejs\;C:\ProgramData\chocolatey\bin;D:\Users\asingh6766\AppData\Local\Microsoft\WindowsApps;D:\Users\asingh6766\AppData\Local\Programs\Git\cmd;D:\Users\asingh6766\AppData\Local\Programs\Microsoft VS Code\bin;C:\Windows\system32;
USERNAME=asingh6766
OS=Windows_NT
PROCESSOR_IDENTIFIER=Intel64 Family 6 Model 142 Stepping 11, GenuineIntel



---------------  S Y S T E M  ---------------

OS: Windows 10.0 , 64 bit Build 18362 (10.0.18362.329)

CPU:total 8 (initial active 8) (4 cores per cpu, 2 threads per core) family 6 model 142 stepping 11, cmov, cx8, fxsr, mmx, sse, sse2, sse3, ssse3, sse4.1, sse4.2, popcnt, avx, avx2, aes, clmul, erms, 3dnowpref, lzcnt, ht, tsc, tscinvbit, bmi1, bmi2, adx

Memory: 4k page, physical 16551892k(2684628k free), swap 16551892k(6656k free)

vm_info: Java HotSpot(TM) 64-Bit Server VM (25.144-b01) for windows-amd64 JRE (1.8.0_144-b01), built on Jul 21 2017 21:57:33 by "java_re" with MS VC++ 10.0 (VS2010)

time: Mon Apr 06 07:26:37 2020
elapsed time: 4 seconds (0d 0h 0m 4s)

